TN:
SF:C:\Users\dragan\Desktop\ERPNode\src\app.ts
FN:29,(anonymous_0)
FN:29,(anonymous_1)
FN:54,(anonymous_2)
FN:58,(anonymous_3)
FNF:4
FNH:3
FNDA:5,(anonymous_0)
FNDA:0,(anonymous_1)
FNDA:8,(anonymous_2)
FNDA:8,(anonymous_3)
DA:2,5
DA:3,5
DA:4,5
DA:5,5
DA:6,5
DA:7,5
DA:8,5
DA:9,5
DA:10,5
DA:11,5
DA:12,5
DA:13,5
DA:14,5
DA:15,5
DA:17,5
DA:19,5
DA:20,5
DA:21,5
DA:22,5
DA:25,5
DA:27,5
DA:28,5
DA:29,5
DA:30,0
DA:34,5
DA:35,5
DA:36,5
DA:37,5
DA:38,5
DA:39,5
DA:40,5
DA:41,5
DA:42,5
DA:51,5
DA:52,5
DA:53,5
DA:54,5
DA:55,8
DA:56,8
DA:58,5
DA:60,8
DA:65,5
DA:67,3
DA:69,0
DA:71,8
DA:73,5
DA:77,5
DA:78,5
DA:79,5
DA:80,5
DA:81,5
DA:82,5
DA:83,5
DA:84,5
DA:85,5
DA:86,5
DA:87,5
DA:88,5
DA:89,5
DA:90,5
DA:91,5
DA:92,5
DA:93,5
DA:97,5
DA:101,5
LF:65
LH:63
BRDA:34,0,0,5
BRDA:34,0,1,5
BRDA:60,1,0,5
BRDA:60,1,1,3
BRDA:60,2,0,8
BRDA:60,2,1,8
BRDA:60,2,2,6
BRDA:60,2,3,5
BRDA:60,2,4,5
BRDA:67,3,0,0
BRDA:67,3,1,3
BRDA:67,4,0,3
BRDA:67,4,1,0
BRF:13
BRH:11
end_of_record
TN:
SF:C:\Users\dragan\Desktop\ERPNode\src\controllers\api.ts
FN:7,(anonymous_0)
FNF:1
FNH:1
FNDA:1,(anonymous_0)
DA:2,5
DA:7,5
DA:8,1
LF:3
LH:3
BRF:0
BRH:0
end_of_record
TN:
SF:C:\Users\dragan\Desktop\ERPNode\src\controllers\contact.ts
FN:15,(anonymous_0)
FN:24,(anonymous_1)
FN:39,(anonymous_2)
FNF:3
FNH:2
FNDA:1,(anonymous_0)
FNDA:1,(anonymous_1)
FNDA:0,(anonymous_2)
DA:2,5
DA:3,5
DA:4,5
DA:15,5
DA:16,1
DA:24,5
DA:25,1
DA:26,1
DA:27,1
DA:28,1
DA:29,1
DA:30,1
DA:31,1
DA:33,0
DA:39,0
DA:40,0
DA:41,0
DA:42,0
DA:44,0
DA:45,0
LF:20
LH:13
BRDA:29,0,0,1
BRDA:29,0,1,0
BRDA:40,1,0,0
BRDA:40,1,1,0
BRF:4
BRH:1
end_of_record
TN:
SF:C:\Users\dragan\Desktop\ERPNode\src\controllers\home.ts
FN:7,(anonymous_0)
FNF:1
FNH:1
FNDA:1,(anonymous_0)
DA:2,5
DA:7,5
DA:8,1
LF:3
LH:3
BRF:0
BRH:0
end_of_record
TN:
SF:C:\Users\dragan\Desktop\ERPNode\src\controllers\user.ts
FN:12,(anonymous_0)
FN:24,(anonymous_1)
FN:38,(anonymous_2)
FN:46,(anonymous_3)
FN:58,(anonymous_4)
FN:72,(anonymous_5)
FN:80,(anonymous_6)
FN:84,(anonymous_7)
FN:97,(anonymous_8)
FN:106,(anonymous_9)
FN:114,(anonymous_10)
FN:123,(anonymous_11)
FN:140,(anonymous_12)
FN:148,(anonymous_13)
FN:153,(anonymous_14)
FN:166,(anonymous_15)
FN:167,(anonymous_16)
FN:180,(anonymous_17)
FN:182,(anonymous_18)
FN:187,(anonymous_19)
FN:188,(anonymous_20)
FN:201,(anonymous_21)
FN:208,(anonymous_22)
FN:225,(anonymous_23)
FN:234,resetPassword
FN:238,(anonymous_25)
FN:249,(anonymous_26)
FN:253,(anonymous_27)
FN:259,sendResetPasswordEmail
FN:273,(anonymous_29)
FN:278,(anonymous_30)
FN:289,(anonymous_31)
FN:301,(anonymous_32)
FN:310,createRandomToken
FN:311,(anonymous_34)
FN:316,setRandomToken
FN:317,(anonymous_36)
FN:327,(anonymous_37)
FN:332,sendForgotPasswordEmail
FN:349,(anonymous_39)
FN:354,(anonymous_40)
FNF:41
FNH:3
FNDA:1,(anonymous_0)
FNDA:1,(anonymous_1)
FNDA:0,(anonymous_2)
FNDA:1,(anonymous_3)
FNDA:0,(anonymous_4)
FNDA:0,(anonymous_5)
FNDA:0,(anonymous_6)
FNDA:0,(anonymous_7)
FNDA:0,(anonymous_8)
FNDA:0,(anonymous_9)
FNDA:0,(anonymous_10)
FNDA:0,(anonymous_11)
FNDA:0,(anonymous_12)
FNDA:0,(anonymous_13)
FNDA:0,(anonymous_14)
FNDA:0,(anonymous_15)
FNDA:0,(anonymous_16)
FNDA:0,(anonymous_17)
FNDA:0,(anonymous_18)
FNDA:0,(anonymous_19)
FNDA:0,(anonymous_20)
FNDA:0,(anonymous_21)
FNDA:0,(anonymous_22)
FNDA:0,(anonymous_23)
FNDA:0,resetPassword
FNDA:0,(anonymous_25)
FNDA:0,(anonymous_26)
FNDA:0,(anonymous_27)
FNDA:0,sendResetPasswordEmail
FNDA:0,(anonymous_29)
FNDA:0,(anonymous_30)
FNDA:0,(anonymous_31)
FNDA:0,(anonymous_32)
FNDA:0,createRandomToken
FNDA:0,(anonymous_34)
FNDA:0,setRandomToken
FNDA:0,(anonymous_36)
FNDA:0,(anonymous_37)
FNDA:0,sendForgotPasswordEmail
FNDA:0,(anonymous_39)
FNDA:0,(anonymous_40)
DA:2,5
DA:3,5
DA:4,5
DA:5,5
DA:6,5
DA:7,5
DA:12,5
DA:13,1
DA:14,0
DA:16,1
DA:24,5
DA:25,1
DA:26,1
DA:27,1
DA:28,1
DA:29,1
DA:30,1
DA:31,1
DA:38,5
DA:39,0
DA:40,0
DA:46,5
DA:47,1
DA:48,0
DA:50,1
DA:58,5
DA:59,0
DA:60,0
DA:61,0
DA:62,0
DA:63,0
DA:64,0
DA:65,0
DA:66,0
DA:68,0
DA:72,0
DA:73,0
DA:74,0
DA:76,0
DA:77,0
DA:78,0
DA:80,0
DA:81,0
DA:82,0
DA:84,0
DA:85,0
DA:86,0
DA:88,0
DA:97,5
DA:98,0
DA:106,5
DA:107,0
DA:108,0
DA:109,0
DA:110,0
DA:111,0
DA:112,0
DA:114,0
DA:115,0
DA:116,0
DA:118,0
DA:119,0
DA:120,0
DA:121,0
DA:122,0
DA:123,0
DA:124,0
DA:125,0
DA:126,0
DA:127,0
DA:129,0
DA:131,0
DA:132,0
DA:140,5
DA:141,0
DA:142,0
DA:143,0
DA:144,0
DA:145,0
DA:146,0
DA:148,0
DA:149,0
DA:150,0
DA:152,0
DA:153,0
DA:154,0
DA:155,0
DA:157,0
DA:158,0
DA:166,5
DA:167,0
DA:168,0
DA:169,0
DA:171,0
DA:172,0
DA:173,0
DA:180,5
DA:181,0
DA:182,0
DA:183,0
DA:184,0
DA:186,0
DA:187,0
DA:188,0
DA:189,0
DA:190,0
DA:192,0
DA:193,0
DA:201,5
DA:202,0
DA:203,0
DA:205,0
DA:209,0
DA:210,0
DA:212,0
DA:213,0
DA:214,0
DA:216,0
DA:225,5
DA:226,0
DA:227,0
DA:228,0
DA:229,0
DA:230,0
DA:231,0
DA:233,0
DA:235,0
DA:239,0
DA:240,0
DA:242,0
DA:243,0
DA:244,0
DA:246,0
DA:247,0
DA:248,0
DA:249,0
DA:250,0
DA:251,0
DA:253,0
DA:254,0
DA:260,0
DA:267,0
DA:273,0
DA:274,0
DA:275,0
DA:279,0
DA:280,0
DA:282,0
DA:289,5
DA:290,0
DA:291,0
DA:293,0
DA:301,5
DA:302,0
DA:303,0
DA:304,0
DA:305,0
DA:306,0
DA:307,0
DA:309,0
DA:311,0
DA:312,0
DA:313,0
DA:317,0
DA:318,0
DA:319,0
DA:321,0
DA:322,0
DA:323,0
DA:325,0
DA:326,0
DA:327,0
DA:328,0
DA:333,0
DA:340,0
DA:349,0
DA:350,0
DA:351,0
DA:355,0
DA:356,0
DA:358,0
LF:181
LH:31
BRDA:13,0,0,0
BRDA:13,0,1,1
BRDA:29,1,0,1
BRDA:29,1,1,0
BRDA:47,2,0,0
BRDA:47,2,1,1
BRDA:64,3,0,0
BRDA:64,3,1,0
BRDA:73,4,0,0
BRDA:73,4,1,0
BRDA:76,5,0,0
BRDA:76,5,1,0
BRDA:81,6,0,0
BRDA:81,6,1,0
BRDA:85,7,0,0
BRDA:85,7,1,0
BRDA:110,8,0,0
BRDA:110,8,1,0
BRDA:115,9,0,0
BRDA:115,9,1,0
BRDA:118,10,0,0
BRDA:118,10,1,0
BRDA:119,11,0,0
BRDA:119,11,1,0
BRDA:120,12,0,0
BRDA:120,12,1,0
BRDA:121,13,0,0
BRDA:121,13,1,0
BRDA:122,14,0,0
BRDA:122,14,1,0
BRDA:124,15,0,0
BRDA:124,15,1,0
BRDA:125,16,0,0
BRDA:125,16,1,0
BRDA:144,17,0,0
BRDA:144,17,1,0
BRDA:149,18,0,0
BRDA:149,18,1,0
BRDA:154,19,0,0
BRDA:154,19,1,0
BRDA:168,20,0,0
BRDA:168,20,1,0
BRDA:183,21,0,0
BRDA:183,21,1,0
BRDA:189,22,0,0
BRDA:189,22,1,0
BRDA:202,23,0,0
BRDA:202,23,1,0
BRDA:209,24,0,0
BRDA:209,24,1,0
BRDA:212,25,0,0
BRDA:212,25,1,0
BRDA:229,26,0,0
BRDA:229,26,1,0
BRDA:239,27,0,0
BRDA:239,27,1,0
BRDA:242,28,0,0
BRDA:242,28,1,0
BRDA:250,29,0,0
BRDA:250,29,1,0
BRDA:279,30,0,0
BRDA:279,30,1,0
BRDA:290,31,0,0
BRDA:290,31,1,0
BRDA:305,32,0,0
BRDA:305,32,1,0
BRDA:318,33,0,0
BRDA:318,33,1,0
BRDA:321,34,0,0
BRDA:321,34,1,0
BRDA:355,35,0,0
BRDA:355,35,1,0
BRF:72
BRH:3
end_of_record
TN:
SF:C:\Users\dragan\Desktop\ERPNode\src\models\User.ts
FN:26,save
FN:31,(anonymous_1)
FN:35,(anonymous_2)
FN:44,(anonymous_3)
FN:45,(anonymous_4)
FN:52,(anonymous_5)
FNF:6
FNH:0
FNDA:0,save
FNDA:0,(anonymous_1)
FNDA:0,(anonymous_2)
FNDA:0,(anonymous_3)
FNDA:0,(anonymous_4)
FNDA:0,(anonymous_5)
DA:2,5
DA:3,5
DA:4,5
DA:5,5
DA:6,5
DA:26,5
DA:27,0
DA:28,0
DA:29,0
DA:31,0
DA:32,0
DA:33,0
DA:35,0
DA:36,0
DA:37,0
DA:39,0
DA:40,0
DA:44,5
DA:45,0
DA:46,0
DA:52,5
DA:53,0
DA:54,0
DA:56,0
DA:57,0
DA:59,0
DA:60,0
DA:63,5
DA:64,5
LF:29
LH:10
BRDA:28,0,0,0
BRDA:28,0,1,0
BRDA:32,1,0,0
BRDA:32,1,1,0
BRDA:36,2,0,0
BRDA:36,2,1,0
BRDA:53,3,0,0
BRDA:53,3,1,0
BRDA:56,4,0,0
BRDA:56,4,1,0
BRF:10
BRH:0
end_of_record
